SYSCALL(args) 		 = return
dtrace: error on enabled probe ID 1690 (ID 845: syscall::stat64:return): invalid address (0x0) in action #11 at DIF offset 12
munmap(0x104E80000, 0x94000)		 = 0 0
munmap(0x104F14000, 0x8000)		 = 0 0
munmap(0x104F1C000, 0x4000)		 = 0 0
munmap(0x104F20000, 0x4000)		 = 0 0
munmap(0x104F24000, 0x5C000)		 = 0 0
crossarch_trap(0x0, 0x0, 0x0)		 = -1 Err#45
open(".\0", 0x100000, 0x0)		 = 3 0
fcntl(0x3, 0x32, 0x16B0FB288)		 = 0 0
close(0x3)		 = 0 0
fsgetpath(0x16B0FB298, 0x400, 0x16B0FB278)		 = 58 0
fsgetpath(0x16B0FB2A8, 0x400, 0x16B0FB288)		 = 14 0
csrctl(0x0, 0x16B0FB6AC, 0x4)		 = -1 Err#1
__mac_syscall(0x184799E36, 0x2, 0x16B0FB600)		 = 0 0
csrctl(0x0, 0x16B0FB6CC, 0x4)		 = -1 Err#1
__mac_syscall(0x184796C8E, 0x5A, 0x16B0FB660)		 = 0 0
sysctl([unknown, 3, 0, 0, 0, 0] (2), 0x16B0FABC8, 0x16B0FABC0, 0x1847988DF, 0xD)		 = 0 0
sysctl([CTL_KERN, 147, 0, 0, 0, 0] (2), 0x16B0FAC78, 0x16B0FAC70, 0x0, 0x0)		 = 0 0
open("/\0", 0x20100000, 0x0)		 = 3 0
openat(0x3, "System/Cryptexes/OS\0", 0x100000, 0x0)		 = 4 0
dup(0x4, 0x0, 0x0)		 = 5 0
fstatat64(0x4, 0x16B0FA751, 0x16B0FA6C0)		 = 0 0
openat(0x4, "System/Library/dyld/\0", 0x100000, 0x0)		 = 6 0
fcntl(0x6, 0x32, 0x16B0FA750)		 = 0 0
dup(0x6, 0x0, 0x0)		 = 7 0
dup(0x5, 0x0, 0x0)		 = 8 0
close(0x3)		 = 0 0
close(0x5)		 = 0 0
close(0x4)		 = 0 0
close(0x6)		 = 0 0
shared_region_check_np(0x16B0FAD60, 0x0, 0x0)		 = 0 0
fsgetpath(0x16B0FB2B0, 0x400, 0x16B0FB208)		 = 82 0
fcntl(0x8, 0x32, 0x16B0FB2B0)		 = 0 0
close(0x8)		 = 0 0
close(0x7)		 = 0 0
getfsstat64(0x0, 0x0, 0x2)		 = 10 0
getfsstat64(0x105112AA0, 0x54B0, 0x2)		 = 10 0
getattrlist("/\0", 0x16B0FB1E0, 0x16B0FB150)		 = 0 0
stat64("/System/Volumes/Preboot/Cryptexes/OS/System/Library/dyld/dyld_shared_cache_arm64e\0", 0x16B0FB540, 0x0)		 = 0 0
stat64("/Users/jweiner/Documents/GitHub/COP4610-P2G32/part1/empty\0", 0x16B0FA9F0, 0x0)		 = 0 0
open("/Users/jweiner/Documents/GitHub/COP4610-P2G32/part1/empty\0", 0x0, 0x0)		 = 3 0
mmap(0x0, 0x42D2, 0x1, 0x40002, 0x3, 0x0)		 = 0x105154000 0
fcntl(0x3, 0x32, 0x16B0FAB08)		 = 0 0
close(0x3)		 = 0 0
munmap(0x105154000, 0x42D2)		 = 0 0
stat64("/Users/jweiner/Documents/GitHub/COP4610-P2G32/part1/empty\0", 0x16B0FAF60, 0x0)		 = 0 0
stat64("/usr/lib/libSystem.B.dylib\0", 0x16B0F9EF0, 0x0)		 = -1 Err#2
stat64("/System/Volumes/Preboot/Cryptexes/OS/usr/lib/libSystem.B.dylib\0", 0x16B0F9EA0, 0x0)		 = -1 Err#2
stat64("/usr/lib/system/libdispatch.dylib\0", 0x16B0F7B00, 0x0)		 = -1 Err#2
stat64("/System/Volumes/Preboot/Cryptexes/OS/usr/lib/system/libdispatch.dylib\0", 0x16B0F7AB0, 0x0)		 = -1 Err#2
stat64("/usr/lib/system/libdispatch.dylib\0", 0x16B0F7B00, 0x0)		 = -1 Err#2
open("/dev/dtracehelper\0", 0x2, 0x0)		 = 3 0
ioctl(0x3, 0x80086804, 0x16B0F9B48)		 = 0 0
close(0x3)		 = 0 0
open("/Users/jweiner/Documents/GitHub/COP4610-P2G32/part1/empty\0", 0x0, 0x0)		 = 3 0
__mac_syscall(0x184799E36, 0x2, 0x16B0F91D0)		 = 0 0
close(0x3)		 = 0 0
shared_region_check_np(0xFFFFFFFFFFFFFFFF, 0x0, 0x0)		 = 0 0
access("/AppleInternal/XBS/.isChrooted\0", 0x0, 0x0)		 = -1 Err#2
bsdthread_register(0x184A81E34, 0x184A81E28, 0x4000)		 = 1073742303 0
getpid(0x0, 0x0, 0x0)		 = 2583 0
shm_open(0x18491FF51, 0x0, 0x636A626F)		 = 3 0
fstat64(0x3, 0x16B0F9FD0, 0x0)		 = 0 0
mmap(0x0, 0x4000, 0x1, 0x40001, 0x3, 0x0)		 = 0x10515C000 0
close(0x3)		 = 0 0
ioctl(0x2, 0x4004667A, 0x16B0FA07C)		 = -1 Err#25
ioctl(0x2, 0x40487413, 0x16B0FA080)		 = -1 Err#25
mprotect(0x105168000, 0x4000, 0x0)		 = 0 0
mprotect(0x105174000, 0x4000, 0x0)		 = 0 0
mprotect(0x105178000, 0x4000, 0x0)		 = 0 0
mprotect(0x105184000, 0x4000, 0x0)		 = 0 0
mprotect(0x105188000, 0x4000, 0x0)		 = 0 0
mprotect(0x105194000, 0x4000, 0x0)		 = 0 0
mprotect(0x105160000, 0x98, 0x1)		 = 0 0
mprotect(0x105160000, 0x98, 0x3)		 = 0 0
mprotect(0x105160000, 0x98, 0x1)		 = 0 0
mprotect(0x105198000, 0x4000, 0x1)		 = 0 0
mprotect(0x10519C000, 0x98, 0x1)		 = 0 0
mprotect(0x10519C000, 0x98, 0x3)		 = 0 0
mprotect(0x10519C000, 0x98, 0x1)		 = 0 0
mprotect(0x105160000, 0x98, 0x3)		 = 0 0
mprotect(0x105160000, 0x98, 0x1)		 = 0 0
mprotect(0x105198000, 0x4000, 0x3)		 = 0 0
mprotect(0x105198000, 0x4000, 0x1)		 = 0 0
objc_bp_assist_cfg_np(0x1846C1400, 0x80000018001C1048, 0x0)		 = -1 Err#5
issetugid(0x0, 0x0, 0x0)		 = 0 0
getentropy(0x16B0F97E8, 0x20, 0x0)		 = 0 0
getattrlist("/Users/jweiner/Documents/GitHub/COP4610-P2G32/part1/empty\0", 0x16B0F9F60, 0x16B0F9F78)		 = 0 0
access("/Users/jweiner/Documents/GitHub/COP4610-P2G32/part1\0", 0x4, 0x0)		 = 0 0
open("/Users/jweiner/Documents/GitHub/COP4610-P2G32/part1\0", 0x0, 0x0)		 = 3 0
fstat64(0x3, 0x1466044C0, 0x0)		 = 0 0
csrctl(0x0, 0x16B0FA19C, 0x4)		 = 0 0
fcntl(0x3, 0x32, 0x16B0F9E48)		 = 0 0
close(0x3)		 = 0 0
open("/Users/jweiner/Documents/GitHub/COP4610-P2G32/part1/Info.plist\0", 0x0, 0x0)		 = -1 Err#2
proc_info(0x2, 0xA17, 0xD)		 = 64 0
csops_audittoken(0xA17, 0x10, 0x16B0FA1D0)		 = 0 0
sysctl([unknown, 3, 0, 0, 0, 0] (2), 0x16B0FA528, 0x16B0FA520, 0x187E31D3D, 0x15)		 = 0 0
sysctl([CTL_KERN, 145, 0, 0, 0, 0] (2), 0x16B0FA5B8, 0x16B0FA5B0, 0x0, 0x0)		 = 0 0
csops(0xA17, 0x0, 0x16B0FA65C)		 = 0 0

