SYSCALL(args) 		 = return
dtrace: error on enabled probe ID 1690 (ID 845: syscall::stat64:return): invalid address (0x0) in action #11 at DIF offset 12
munmap(0x1006E8000, 0x94000)		 = 0 0
munmap(0x10077C000, 0x8000)		 = 0 0
munmap(0x100784000, 0x4000)		 = 0 0
munmap(0x100788000, 0x4000)		 = 0 0
munmap(0x10078C000, 0x5C000)		 = 0 0
crossarch_trap(0x0, 0x0, 0x0)		 = -1 Err#45
open(".\0", 0x100000, 0x0)		 = 3 0
fcntl(0x3, 0x32, 0x16F9E7288)		 = 0 0
close(0x3)		 = 0 0
fsgetpath(0x16F9E7298, 0x400, 0x16F9E7278)		 = 58 0
fsgetpath(0x16F9E72A8, 0x400, 0x16F9E7288)		 = 14 0
csrctl(0x0, 0x16F9E76AC, 0x4)		 = -1 Err#1
__mac_syscall(0x184799E36, 0x2, 0x16F9E7600)		 = 0 0
csrctl(0x0, 0x16F9E76CC, 0x4)		 = -1 Err#1
__mac_syscall(0x184796C8E, 0x5A, 0x16F9E7660)		 = 0 0
sysctl([unknown, 3, 0, 0, 0, 0] (2), 0x16F9E6BC8, 0x16F9E6BC0, 0x1847988DF, 0xD)		 = 0 0
sysctl([CTL_KERN, 147, 0, 0, 0, 0] (2), 0x16F9E6C78, 0x16F9E6C70, 0x0, 0x0)		 = 0 0
open("/\0", 0x20100000, 0x0)		 = 3 0
openat(0x3, "System/Cryptexes/OS\0", 0x100000, 0x0)		 = 4 0
dup(0x4, 0x0, 0x0)		 = 5 0
fstatat64(0x4, 0x16F9E6751, 0x16F9E66C0)		 = 0 0
openat(0x4, "System/Library/dyld/\0", 0x100000, 0x0)		 = 6 0
fcntl(0x6, 0x32, 0x16F9E6750)		 = 0 0
dup(0x6, 0x0, 0x0)		 = 7 0
dup(0x5, 0x0, 0x0)		 = 8 0
close(0x3)		 = 0 0
close(0x5)		 = 0 0
close(0x4)		 = 0 0
close(0x6)		 = 0 0
shared_region_check_np(0x16F9E6D60, 0x0, 0x0)		 = 0 0
fsgetpath(0x16F9E72B0, 0x400, 0x16F9E7208)		 = 82 0
fcntl(0x8, 0x32, 0x16F9E72B0)		 = 0 0
close(0x8)		 = 0 0
close(0x7)		 = 0 0
getfsstat64(0x0, 0x0, 0x2)		 = 10 0
getfsstat64(0x10082AAA0, 0x54B0, 0x2)		 = 10 0
getattrlist("/\0", 0x16F9E71E0, 0x16F9E7150)		 = 0 0
stat64("/System/Volumes/Preboot/Cryptexes/OS/System/Library/dyld/dyld_shared_cache_arm64e\0", 0x16F9E7540, 0x0)		 = 0 0
stat64("/Users/jweiner/Documents/GitHub/COP4610-P2G32/part1/part1\0", 0x16F9E69F0, 0x0)		 = 0 0
open("/Users/jweiner/Documents/GitHub/COP4610-P2G32/part1/part1\0", 0x0, 0x0)		 = 3 0
mmap(0x0, 0x8302, 0x1, 0x40002, 0x3, 0x0)		 = 0x10086C000 0
fcntl(0x3, 0x32, 0x16F9E6B08)		 = 0 0
close(0x3)		 = 0 0
munmap(0x10086C000, 0x8302)		 = 0 0
stat64("/Users/jweiner/Documents/GitHub/COP4610-P2G32/part1/part1\0", 0x16F9E6F60, 0x0)		 = 0 0
stat64("/usr/lib/libSystem.B.dylib\0", 0x16F9E5EF0, 0x0)		 = -1 Err#2
stat64("/System/Volumes/Preboot/Cryptexes/OS/usr/lib/libSystem.B.dylib\0", 0x16F9E5EA0, 0x0)		 = -1 Err#2
stat64("/usr/lib/system/libdispatch.dylib\0", 0x16F9E3B00, 0x0)		 = -1 Err#2
stat64("/System/Volumes/Preboot/Cryptexes/OS/usr/lib/system/libdispatch.dylib\0", 0x16F9E3AB0, 0x0)		 = -1 Err#2
stat64("/usr/lib/system/libdispatch.dylib\0", 0x16F9E3B00, 0x0)		 = -1 Err#2
open("/dev/dtracehelper\0", 0x2, 0x0)		 = 3 0
ioctl(0x3, 0x80086804, 0x16F9E5B48)		 = 0 0
close(0x3)		 = 0 0
open("/Users/jweiner/Documents/GitHub/COP4610-P2G32/part1/part1\0", 0x0, 0x0)		 = 3 0
__mac_syscall(0x184799E36, 0x2, 0x16F9E51D0)		 = 0 0
map_with_linking_np(0x16F9E50C0, 0x1, 0x16F9E50F0)		 = 0 0
close(0x3)		 = 0 0
mprotect(0x10041C000, 0x4000, 0x1)		 = -1 Err#13
shared_region_check_np(0xFFFFFFFFFFFFFFFF, 0x0, 0x0)		 = 0 0
access("/AppleInternal/XBS/.isChrooted\0", 0x0, 0x0)		 = -1 Err#2
bsdthread_register(0x184A81E34, 0x184A81E28, 0x4000)		 = 1073742303 0
getpid(0x0, 0x0, 0x0)		 = 2592 0
shm_open(0x18491FF51, 0x0, 0x636A626F)		 = 3 0
fstat64(0x3, 0x16F9E5FD0, 0x0)		 = 0 0
mmap(0x0, 0x4000, 0x1, 0x40001, 0x3, 0x0)		 = 0x100874000 0
close(0x3)		 = 0 0
ioctl(0x2, 0x4004667A, 0x16F9E607C)		 = -1 Err#25
ioctl(0x2, 0x40487413, 0x16F9E6080)		 = -1 Err#25
mprotect(0x100880000, 0x4000, 0x0)		 = 0 0
mprotect(0x10088C000, 0x4000, 0x0)		 = 0 0
mprotect(0x100890000, 0x4000, 0x0)		 = 0 0
mprotect(0x10089C000, 0x4000, 0x0)		 = 0 0
mprotect(0x1008A0000, 0x4000, 0x0)		 = 0 0
mprotect(0x1008AC000, 0x4000, 0x0)		 = 0 0
mprotect(0x100878000, 0x98, 0x1)		 = 0 0
mprotect(0x100878000, 0x98, 0x3)		 = 0 0
mprotect(0x100878000, 0x98, 0x1)		 = 0 0
mprotect(0x1008B0000, 0x4000, 0x1)		 = 0 0
mprotect(0x1008B4000, 0x98, 0x1)		 = 0 0
mprotect(0x1008B4000, 0x98, 0x3)		 = 0 0
mprotect(0x1008B4000, 0x98, 0x1)		 = 0 0
mprotect(0x100878000, 0x98, 0x3)		 = 0 0
mprotect(0x100878000, 0x98, 0x1)		 = 0 0
mprotect(0x1008B0000, 0x4000, 0x3)		 = 0 0
mprotect(0x1008B0000, 0x4000, 0x1)		 = 0 0
objc_bp_assist_cfg_np(0x1846C1400, 0x80000018001C1048, 0x0)		 = -1 Err#5
issetugid(0x0, 0x0, 0x0)		 = 0 0
getentropy(0x16F9E57E8, 0x20, 0x0)		 = 0 0
getattrlist("/Users/jweiner/Documents/GitHub/COP4610-P2G32/part1/part1\0", 0x16F9E5F60, 0x16F9E5F78)		 = 0 0
access("/Users/jweiner/Documents/GitHub/COP4610-P2G32/part1\0", 0x4, 0x0)		 = 0 0
open("/Users/jweiner/Documents/GitHub/COP4610-P2G32/part1\0", 0x0, 0x0)		 = 3 0
fstat64(0x3, 0x12AE044C0, 0x0)		 = 0 0
csrctl(0x0, 0x16F9E619C, 0x4)		 = 0 0
fcntl(0x3, 0x32, 0x16F9E5E48)		 = 0 0
close(0x3)		 = 0 0
open("/Users/jweiner/Documents/GitHub/COP4610-P2G32/part1/Info.plist\0", 0x0, 0x0)		 = -1 Err#2
proc_info(0x2, 0xA20, 0xD)		 = 64 0
csops_audittoken(0xA20, 0x10, 0x16F9E61D0)		 = 0 0
sysctl([unknown, 3, 0, 0, 0, 0] (2), 0x16F9E6528, 0x16F9E6520, 0x187E31D3D, 0x15)		 = 0 0
sysctl([CTL_KERN, 145, 0, 0, 0, 0] (2), 0x16F9E65B8, 0x16F9E65B0, 0x0, 0x0)		 = 0 0
csops(0xA20, 0x0, 0x16F9E665C)		 = 0 0
lstat64("testFile\0", 0x16F9E7690, 0x0)		 = 0 0
unlink("testFile\0", 0x0, 0x0)		 = 0 0
open("testFile\0", 0x201, 0x7760)		 = 3 0
write(0x3, "\0", 0x0)		 = 0 0
close(0x3)		 = 0 0

